<?xml version="1.0" encoding="UTF-8"?>
<!-- Generated by org.testng.reporters.JUnitXMLReporter -->
<testsuite ignored="0" hostname="Pauls-MBP" failures="0" tests="9" name="Cocktail WebService Tests" time="4.588" errors="0" timestamp="2022-05-02T14:39:18 IST">
  <testcase classname="com.cocktail.api.searchIngredientByNameTest" name="searchByIngredientName_UppercaseName" time="2.368"/>
  <testcase classname="com.cocktail.api.searchIngredientByNameTest" name="searchByIngredientName_LowercaseName" time="0.199"/>
  <testcase classname="com.cocktail.api.searchIngredientByNameTest" name="searchByIngredientName_Alcoholic" time="0.292"/>
  <testcase classname="com.cocktail.api.searchIngredientByNameTest" name="searchByIngredientName_NonAlcoholic" time="0.213"/>
  <testcase classname="com.cocktail.api.searchIngredientByNameTest" name="searchByIngredientName_NotFound" time="0.177"/>
  <testcase classname="com.cocktail.api.searchCocktailByNameTest" name="searchByCocktailName_UppercaseName" time="0.202"/>
  <testcase classname="com.cocktail.api.searchCocktailByNameTest" name="searchByCocktailName_LowercaseName" time="0.217"/>
  <testcase classname="com.cocktail.api.searchCocktailByNameTest" name="searchByCocktailName_CocktailNotFound" time="0.2"/>
  <testcase classname="com.cocktail.api.searchCocktailByNameTest" name="searchByCocktailName_SchemaValidation" time="0.675"/>
</testsuite> <!-- Cocktail WebService Tests -->
